<?xml version="1.0" encoding="UTF-8"?>
<testng-results skipped="0" failed="0" ignored="0" total="1" passed="1">
  <reporter-output>
  </reporter-output>
  <suite name="Default suite" duration-ms="41848" started-at="2020-07-24T07:18:43Z" finished-at="2020-07-24T07:19:25Z">
    <groups>
    </groups>
    <test name="Default test" duration-ms="41848" started-at="2020-07-24T07:18:43Z" finished-at="2020-07-24T07:19:25Z">
      <class name="TestVagrant.assignment.testVagAssignmnet">
        <test-method status="PASS" signature="testing()[pri:0, instance:TestVagrant.assignment.testVagAssignmnet@724af044]" name="testing" duration-ms="41825" started-at="2020-07-24T07:18:43Z" finished-at="2020-07-24T07:19:25Z">
          <reporter-output>
          </reporter-output>
        </test-method> <!-- testing -->
      </class> <!-- TestVagrant.assignment.testVagAssignmnet -->
    </test> <!-- Default test -->
  </suite> <!-- Default suite -->
</testng-results>
